2025-09-20T10:02:52+00:00 FETCH start category='Cathedrals' limit=3 prefer=meta dry_run=False verbose=True
2025-09-20T10:02:52+00:00 FETCH end ok=0 skipped=0
2025-09-20T10:03:26+00:00 FETCH start category='Flags of Europe' limit=3 prefer=meta dry_run=False verbose=True
2025-09-20T10:03:27+00:00 FETCH downloaded: Aberystwyth-flags-2018-07-05.jpg
2025-09-20T10:03:27+00:00 FETCH sidecar wrote: Aberystwyth-flags-2018-07-05.jpg.meta.json
2025-09-20T10:03:27+00:00 FETCH mtime set: Aberystwyth-flags-2018-07-05.jpg -> 2018-07-05T00:00:00+00:00
2025-09-20T10:03:27+00:00 FETCH downloaded: Arromanches-les-Bains panorama (14792477726).jpg
2025-09-20T10:03:27+00:00 FETCH sidecar wrote: Arromanches-les-Bains panorama (14792477726).jpg.meta.json
2025-09-20T10:03:27+00:00 FETCH mtime set: Arromanches-les-Bains panorama (14792477726).jpg -> 2024-01-07T12:36:39+00:00
2025-09-20T10:03:28+00:00 FETCH downloaded: Belgian European civil ensign.gif
2025-09-20T10:03:28+00:00 FETCH sidecar wrote: Belgian European civil ensign.gif.meta.json
2025-09-20T10:03:28+00:00 FETCH mtime set: Belgian European civil ensign.gif -> 2025-03-13T00:00:00+00:00
2025-09-20T10:03:28+00:00 FETCH end ok=3 skipped=0
2025-09-20T10:06:24+00:00 ORGANIZE start src='/workspaces/day-buckets-photo-organizer-djdcybersecurity/project/incoming' mode=copy pattern='*' ignore_hidden=True tz='America/Chicago' dry_run=False verbose=True
2025-09-20T10:22:26+00:00 FETCH start category='Cathedrals' limit=3 prefer=meta dry_run=False verbose=True
2025-09-20T10:22:26+00:00 FETCH end ok=0 skipped=0
2025-09-20T10:22:26+00:00 ORGANIZE start src='/workspaces/day-buckets-photo-organizer-djdcybersecurity/project/incoming' mode=copy pattern='*' ignore_hidden=True tz='America/Chicago' dry_run=False verbose=True
2025-09-20T10:22:26+00:00 REPORT start out='/workspaces/day-buckets-photo-organizer-djdcybersecurity/project/report.md' tz='America/Chicago' verbose=True
2025-09-20T10:22:26+00:00 REPORT wrote placeholder files: report.md, manifest.json
2025-09-20T10:22:26+00:00 REPORT end (skeleton)
2025-09-20T10:24:13+00:00 FETCH start category='Cathedrals' limit=3 prefer=meta dry_run=False verbose=True
2025-09-20T10:24:13+00:00 FETCH end ok=0 skipped=0
2025-09-20T10:24:13+00:00 ORGANIZE start src='/workspaces/day-buckets-photo-organizer-djdcybersecurity/project/incoming' mode=copy pattern='*' ignore_hidden=True tz='America/Chicago' dry_run=False verbose=True
2025-09-20T10:24:13+00:00 ORGANIZE copied: Arromanches-les-Bains panorama (14792477726).jpg.meta.json -> /workspaces/day-buckets-photo-organizer-djdcybersecurity/project/buckets/2025/09/20/Arromanches-les-Bains panorama (14792477726).jpg.meta.json
2025-09-20T10:24:13+00:00 ORGANIZE copied: Aberystwyth-flags-2018-07-05.jpg -> /workspaces/day-buckets-photo-organizer-djdcybersecurity/project/buckets/2018/07/04/Aberystwyth-flags-2018-07-05.jpg
2025-09-20T10:24:13+00:00 ORGANIZE copied: Belgian European civil ensign.gif -> /workspaces/day-buckets-photo-organizer-djdcybersecurity/project/buckets/2025/03/12/Belgian European civil ensign.gif
2025-09-20T10:24:13+00:00 ORGANIZE copied: Belgian European civil ensign.gif.meta.json -> /workspaces/day-buckets-photo-organizer-djdcybersecurity/project/buckets/2025/09/20/Belgian European civil ensign.gif.meta.json
2025-09-20T10:24:13+00:00 ORGANIZE copied: Aberystwyth-flags-2018-07-05.jpg.meta.json -> /workspaces/day-buckets-photo-organizer-djdcybersecurity/project/buckets/2025/09/20/Aberystwyth-flags-2018-07-05.jpg.meta.json
2025-09-20T10:24:13+00:00 ORGANIZE copied: Arromanches-les-Bains panorama (14792477726).jpg -> /workspaces/day-buckets-photo-organizer-djdcybersecurity/project/buckets/2024/01/07/Arromanches-les-Bains panorama (14792477726).jpg
2025-09-20T10:24:13+00:00 ORGANIZE end moved=6 skipped_hidden=0 collisions=0 errors=0
2025-09-20T10:24:14+00:00 REPORT start out='/workspaces/day-buckets-photo-organizer-djdcybersecurity/project/report.md' tz='America/Chicago' verbose=True
2025-09-20T10:24:14+00:00 REPORT wrote placeholder files: report.md, manifest.json
2025-09-20T10:24:14+00:00 REPORT end (skeleton)
2025-09-20T10:31:30+00:00 REPORT start out='/workspaces/day-buckets-photo-organizer-djdcybersecurity/project/report.md' tz='America/Chicago' verbose=True
2025-09-20T10:31:30+00:00 REPORT wrote placeholder files: report.md, manifest.json
2025-09-20T10:31:30+00:00 REPORT end (skeleton)
2025-09-20T10:36:00+00:00 FETCH start category='Cathedrals' limit=3 prefer=meta dry_run=False verbose=True
2025-09-20T10:36:00+00:00 FETCH end ok=0 skipped=0
2025-09-20T10:36:00+00:00 ORGANIZE start src='/workspaces/day-buckets-photo-organizer-djdcybersecurity/project/incoming' mode=copy pattern='*' ignore_hidden=True tz='America/Chicago' dry_run=False verbose=True
2025-09-20T10:36:00+00:00 ORGANIZE copied: Arromanches-les-Bains panorama (14792477726).jpg.meta.json -> /workspaces/day-buckets-photo-organizer-djdcybersecurity/project/buckets/2025/09/20/Arromanches-les-Bains panorama (14792477726).jpg.meta_1.json
2025-09-20T10:36:00+00:00 ORGANIZE copied: Aberystwyth-flags-2018-07-05.jpg -> /workspaces/day-buckets-photo-organizer-djdcybersecurity/project/buckets/2018/07/04/Aberystwyth-flags-2018-07-05_1.jpg
2025-09-20T10:36:00+00:00 ORGANIZE copied: Belgian European civil ensign.gif -> /workspaces/day-buckets-photo-organizer-djdcybersecurity/project/buckets/2025/03/12/Belgian European civil ensign_1.gif
2025-09-20T10:36:00+00:00 ORGANIZE copied: Belgian European civil ensign.gif.meta.json -> /workspaces/day-buckets-photo-organizer-djdcybersecurity/project/buckets/2025/09/20/Belgian European civil ensign.gif.meta_1.json
2025-09-20T10:36:00+00:00 ORGANIZE copied: Aberystwyth-flags-2018-07-05.jpg.meta.json -> /workspaces/day-buckets-photo-organizer-djdcybersecurity/project/buckets/2025/09/20/Aberystwyth-flags-2018-07-05.jpg.meta_1.json
2025-09-20T10:36:00+00:00 ORGANIZE copied: Arromanches-les-Bains panorama (14792477726).jpg -> /workspaces/day-buckets-photo-organizer-djdcybersecurity/project/buckets/2024/01/07/Arromanches-les-Bains panorama (14792477726)_1.jpg
2025-09-20T10:36:00+00:00 ORGANIZE end moved=6 skipped_hidden=0 collisions=6 errors=0
2025-09-20T10:36:00+00:00 REPORT start out='/workspaces/day-buckets-photo-organizer-djdcybersecurity/project/report.md' tz='America/Chicago' verbose=True
2025-09-20T10:36:00+00:00 REPORT wrote detailed report and manifest: report.md, manifest.json
